e:\gamesseries\learnopengl\learnopenglvs\x64\debug\vc142.pdb
e:\gamesseries\learnopengl\learnopenglvs\x64\debug\vc142.idb
e:\gamesseries\learnopengl\learnopenglvs\x64\debug\glad.obj
e:\gamesseries\learnopengl\learnopenglvs\x64\debug\vbo.obj
e:\gamesseries\learnopengl\learnopenglvs\x64\debug\vao.obj
e:\gamesseries\learnopengl\learnopenglvs\x64\debug\shader.obj
e:\gamesseries\learnopengl\learnopenglvs\x64\debug\main.obj
e:\gamesseries\learnopengl\learnopenglvs\x64\debug\stb_image.obj
e:\gamesseries\learnopengl\learnopenglvs\x64\debug\texture.obj
e:\gamesseries\learnopengl\learnopenglvs\x64\debug\camera.obj
e:\gamesseries\learnopengl\learnopenglvs\x64\debug\basic.obj
e:\gamesseries\learnopengl\learnopenglvs\x64\debug\light.obj
e:\gamesseries\learnopengl\learnopenglvs\x64\debug\depthtest.obj
e:\gamesseries\learnopengl\learnopenglvs\x64\debug\framebuffer.obj
e:\gamesseries\learnopengl\learnopenglvs\x64\debug\modelload.obj
e:\gamesseries\learnopengl\learnopenglvs\x64\debug\hdr.obj
e:\gamesseries\learnopengl\learnopenglvs\x64\debug\learnopenglvs.pdb
e:\gamesseries\learnopengl\learnopenglvs\x64\debug\learnopenglvs.tlog\cl.command.1.tlog
e:\gamesseries\learnopengl\learnopenglvs\x64\debug\learnopenglvs.tlog\cl.read.1.tlog
e:\gamesseries\learnopengl\learnopenglvs\x64\debug\learnopenglvs.tlog\cl.write.1.tlog
e:\gamesseries\learnopengl\learnopenglvs\x64\debug\learnopenglvs.tlog\link-cvtres.read.1.tlog
e:\gamesseries\learnopengl\learnopenglvs\x64\debug\learnopenglvs.tlog\link-cvtres.write.1.tlog
e:\gamesseries\learnopengl\learnopenglvs\x64\debug\learnopenglvs.tlog\link-rc.read.1.tlog
e:\gamesseries\learnopengl\learnopenglvs\x64\debug\learnopenglvs.tlog\link-rc.write.1.tlog
e:\gamesseries\learnopengl\learnopenglvs\x64\debug\learnopenglvs.tlog\link.59548-cvtres.read.1.tlog
e:\gamesseries\learnopengl\learnopenglvs\x64\debug\learnopenglvs.tlog\link.59548-cvtres.write.1.tlog
e:\gamesseries\learnopengl\learnopenglvs\x64\debug\learnopenglvs.tlog\link.59548-rc.read.1.tlog
e:\gamesseries\learnopengl\learnopenglvs\x64\debug\learnopenglvs.tlog\link.59548-rc.write.1.tlog
e:\gamesseries\learnopengl\learnopenglvs\x64\debug\learnopenglvs.tlog\link.59548.read.1.tlog
e:\gamesseries\learnopengl\learnopenglvs\x64\debug\learnopenglvs.tlog\link.59548.write.1.tlog
e:\gamesseries\learnopengl\learnopenglvs\x64\debug\learnopenglvs.tlog\link.command.1.tlog
e:\gamesseries\learnopengl\learnopenglvs\x64\debug\learnopenglvs.tlog\link.read.1.tlog
e:\gamesseries\learnopengl\learnopenglvs\x64\debug\learnopenglvs.tlog\link.write.1.tlog
